============================================================
Time  2024/06/26 15:27:13 930 
============================================================
[2024/06/26 15:27:13 931] lgi        684  SYS_MSG_LOAD  
[2024/06/26 15:27:13 938] lgi        706  SYS_MSG_REGCB  msp_status_cb  func(10053760) 
[2024/06/26 15:27:13 941] lgi        298  LGI_MSG_INIT  
[2024/06/26 15:27:13 944] lgi        305  lgi  lgi_  268436457  1573451739  
[2024/06/26 15:27:13 945] lgi        403  token:  nil  
[2024/06/26 15:27:13 946] lgi        476  msc cver : 5.0.44.1288  
[2024/06/26 15:27:13 948] lgi        519  ns_enable=  1  
[2024/06/26 15:27:13 949] lgi        531  prot_ver=1  
[2024/06/26 15:27:13 949] lgi        542  prot_type=tcp  
[2024/06/26 15:27:13 958] lgi        693  SYS_MSG_UNLOAD  go bg!  
============================================================
Time  2024/06/26 15:27:36 888 
============================================================
[2024/06/26 15:27:36 888] lgi        684  SYS_MSG_LOAD  
[2024/06/26 15:27:36 895] lgi        706  SYS_MSG_REGCB  msp_status_cb  func(84013960) 
[2024/06/26 15:27:36 899] lgi        298  LGI_MSG_INIT  
[2024/06/26 15:27:36 901] lgi        305  lgi  lgi_  268436457  1573451739  
[2024/06/26 15:27:36 905] lgi        403  token:  nil  
[2024/06/26 15:27:36 906] lgi        476  msc cver : 5.0.44.1288  
[2024/06/26 15:27:36 908] lgi        519  ns_enable=  1  
[2024/06/26 15:27:36 909] lgi        531  prot_ver=1  
[2024/06/26 15:27:36 910] lgi        542  prot_type=tcp  
[2024/06/26 15:27:36 913] lgi        693  SYS_MSG_UNLOAD  go bg!  
============================================================
Time  2024/06/26 15:34:08 759 
============================================================
[2024/06/26 15:34:08 759] lgi        684  SYS_MSG_LOAD  
[2024/06/26 15:34:08 769] lgi        706  SYS_MSG_REGCB  msp_status_cb  func(8c013960) 
[2024/06/26 15:34:08 778] lgi        298  LGI_MSG_INIT  
[2024/06/26 15:34:08 781] lgi        305  lgi  lgi_  268436457  1573451739  
[2024/06/26 15:34:08 786] lgi        403  token:  nil  
[2024/06/26 15:34:08 790] lgi        476  msc cver : 5.0.44.1288  
[2024/06/26 15:34:08 792] lgi        519  ns_enable=  1  
[2024/06/26 15:34:08 794] lgi        531  prot_ver=1  
[2024/06/26 15:34:08 796] lgi        542  prot_type=tcp  
[2024/06/26 15:34:08 801] lgi        693  SYS_MSG_UNLOAD  go bg!  
============================================================
Time  2024/06/26 15:35:24 822 
============================================================
[2024/06/26 15:35:24 823] lgi        684  SYS_MSG_LOAD  
[2024/06/26 15:35:24 830] lgi        706  SYS_MSG_REGCB  msp_status_cb  func(60013960) 
[2024/06/26 15:35:24 836] lgi        298  LGI_MSG_INIT  
[2024/06/26 15:35:24 837] lgi        305  lgi  lgi_  268436457  1573451739  
[2024/06/26 15:35:24 840] lgi        403  token:  nil  
[2024/06/26 15:35:24 843] lgi        476  msc cver : 5.0.44.1288  
[2024/06/26 15:35:24 844] lgi        519  ns_enable=  1  
[2024/06/26 15:35:24 846] lgi        531  prot_ver=1  
[2024/06/26 15:35:24 848] lgi        542  prot_type=tcp  
[2024/06/26 15:35:24 857] lgi        693  SYS_MSG_UNLOAD  go bg!  
============================================================
Time  2024/06/26 15:36:52 321 
============================================================
[2024/06/26 15:36:52 321] lgi        684  SYS_MSG_LOAD  
[2024/06/26 15:36:52 329] lgi        706  SYS_MSG_REGCB  msp_status_cb  func(68013960) 
[2024/06/26 15:36:52 334] lgi        298  LGI_MSG_INIT  
[2024/06/26 15:36:52 336] lgi        305  lgi  lgi_  268436457  1573451739  
[2024/06/26 15:36:52 337] lgi        403  token:  nil  
[2024/06/26 15:36:52 338] lgi        476  msc cver : 5.0.44.1288  
[2024/06/26 15:36:52 339] lgi        519  ns_enable=  1  
[2024/06/26 15:36:52 340] lgi        531  prot_ver=1  
[2024/06/26 15:36:52 341] lgi        542  prot_type=tcp  
[2024/06/26 15:36:52 345] lgi        693  SYS_MSG_UNLOAD  go bg!  
