============================================================
Time  2024/06/26 15:27:36 985 
============================================================
[2024/06/26 15:27:36 986] isr_local  2211 os_type is:  Linux  
[2024/06/26 15:27:36 987] isr_local  2220 SYS_MSG_LOAD_LOCAL  
[2024/06/26 15:27:36 989] isr_local  2249 SYS_MSG_REGCB_LOCAL| param0 =  msp_status_cb  
[2024/06/26 15:27:36 992] isr_local  2249 SYS_MSG_REGCB_LOCAL| param0 =  build_grm_cb  
[2024/06/26 15:27:36 994] isr_local  2262 ASR_LOCAL_MSG_BUILD_GRM  
[2024/06/26 15:27:36 995] isr_local  1903 grm_init | params:  engine_type = local, 		asr_res_path = fo|res/asr/common.jet, sample_rate = 16000, 		grm_build_path = res/asr/GrmBuilld,   
[2024/06/26 15:27:36 996] isr_local  805  engine_type  :  local  
[2024/06/26 15:27:36 997] isr_local  805  asr_res_path  :  fo|res/asr/common.jet  
[2024/06/26 15:27:36 998] isr_local  805  sample_rate  :  16000  
[2024/06/26 15:27:36 999] isr_local  805  grm_build_path  :  res/asr/GrmBuilld  
[2024/06/26 15:27:37 006] isr_local  1002 file count =   1  
[2024/06/26 15:27:37 007] isr_local  925  file open type is:   fo  
[2024/06/26 15:27:37 008] isr_local  958  res/asr/common.jet  0  0  
[2024/06/26 15:27:37 008] isr_local  1020 speech_plus_setting  0  
[2024/06/26 15:27:37 009] isr_local  1033 2  nil  res/asr/common.jet  0  0  
[2024/06/26 15:27:37 012] isr_local  1035 res_ver  2  
[2024/06/26 15:27:37 013] isr_local  1036 res 5  af747bca982821374f8dd5fa2eca80b8  
[2024/06/26 15:27:37 014] isr_local  1037 res_new_old_mark  v5pp  
[2024/06/26 15:27:37 015] isr_local  1038 res_usr_name  ""  
[2024/06/26 15:27:37 016] isr_local  1039 res_expires  1727160566  
[2024/06/26 15:27:37 017] isr_local  1040 err  0  
[2024/06/26 15:27:37 017] isr_local  1071 now expires:  1719386857  1727160566  
[2024/06/26 15:27:37 027] isr_local  1644 proc_retcode_grm | errorcode =  0  
[2024/06/26 15:27:37 075] isr_local  2022 grammar id:call  
[2024/06/26 15:27:37 077] isr_local  1636 onGrmLocalServiceCb  0  call  
