============================================================
Time  2024/06/26 15:27:13 930 
============================================================
[2024/06/26 15:27:13 931] lgi        684  SYS_MSG_LOAD  
[2024/06/26 15:27:13 938] lgi        706  SYS_MSG_REGCB  msp_status_cb  func(10053760) 
[2024/06/26 15:27:13 941] lgi        298  LGI_MSG_INIT  
[2024/06/26 15:27:13 944] lgi        305  lgi  lgi_  268436457  1573451739  
[2024/06/26 15:27:13 945] lgi        403  token:  nil  
[2024/06/26 15:27:13 946] lgi        476  msc cver : 5.0.44.1288  
[2024/06/26 15:27:13 948] lgi        519  ns_enable=  1  
[2024/06/26 15:27:13 949] lgi        531  prot_ver=1  
[2024/06/26 15:27:13 949] lgi        542  prot_type=tcp  
[2024/06/26 15:27:13 958] lgi        693  SYS_MSG_UNLOAD  go bg!  
============================================================
Time  2024/06/26 15:27:36 888 
============================================================
[2024/06/26 15:27:36 888] lgi        684  SYS_MSG_LOAD  
[2024/06/26 15:27:36 895] lgi        706  SYS_MSG_REGCB  msp_status_cb  func(84013960) 
[2024/06/26 15:27:36 899] lgi        298  LGI_MSG_INIT  
[2024/06/26 15:27:36 901] lgi        305  lgi  lgi_  268436457  1573451739  
[2024/06/26 15:27:36 905] lgi        403  token:  nil  
[2024/06/26 15:27:36 906] lgi        476  msc cver : 5.0.44.1288  
[2024/06/26 15:27:36 908] lgi        519  ns_enable=  1  
[2024/06/26 15:27:36 909] lgi        531  prot_ver=1  
[2024/06/26 15:27:36 910] lgi        542  prot_type=tcp  
[2024/06/26 15:27:36 913] lgi        693  SYS_MSG_UNLOAD  go bg!  
============================================================
Time  2024/06/26 15:34:08 759 
============================================================
[2024/06/26 15:34:08 759] lgi        684  SYS_MSG_LOAD  
[2024/06/26 15:34:08 769] lgi        706  SYS_MSG_REGCB  msp_status_cb  func(8c013960) 
[2024/06/26 15:34:08 778] lgi        298  LGI_MSG_INIT  
[2024/06/26 15:34:08 781] lgi        305  lgi  lgi_  268436457  1573451739  
[2024/06/26 15:34:08 786] lgi        403  token:  nil  
[2024/06/26 15:34:08 790] lgi        476  msc cver : 5.0.44.1288  
[2024/06/26 15:34:08 792] lgi        519  ns_enable=  1  
[2024/06/26 15:34:08 794] lgi        531  prot_ver=1  
[2024/06/26 15:34:08 796] lgi        542  prot_type=tcp  
[2024/06/26 15:34:08 801] lgi        693  SYS_MSG_UNLOAD  go bg!  
============================================================
Time  2024/06/26 15:35:24 822 
============================================================
[2024/06/26 15:35:24 823] lgi        684  SYS_MSG_LOAD  
[2024/06/26 15:35:24 830] lgi        706  SYS_MSG_REGCB  msp_status_cb  func(60013960) 
[2024/06/26 15:35:24 836] lgi        298  LGI_MSG_INIT  
[2024/06/26 15:35:24 837] lgi        305  lgi  lgi_  268436457  1573451739  
[2024/06/26 15:35:24 840] lgi        403  token:  nil  
[2024/06/26 15:35:24 843] lgi        476  msc cver : 5.0.44.1288  
[2024/06/26 15:35:24 844] lgi        519  ns_enable=  1  
[2024/06/26 15:35:24 846] lgi        531  prot_ver=1  
[2024/06/26 15:35:24 848] lgi        542  prot_type=tcp  
[2024/06/26 15:35:24 857] lgi        693  SYS_MSG_UNLOAD  go bg!  
============================================================
Time  2024/06/26 15:36:52 321 
============================================================
[2024/06/26 15:36:52 321] lgi        684  SYS_MSG_LOAD  
[2024/06/26 15:36:52 329] lgi        706  SYS_MSG_REGCB  msp_status_cb  func(68013960) 
[2024/06/26 15:36:52 334] lgi        298  LGI_MSG_INIT  
[2024/06/26 15:36:52 336] lgi        305  lgi  lgi_  268436457  1573451739  
[2024/06/26 15:36:52 337] lgi        403  token:  nil  
[2024/06/26 15:36:52 338] lgi        476  msc cver : 5.0.44.1288  
[2024/06/26 15:36:52 339] lgi        519  ns_enable=  1  
[2024/06/26 15:36:52 340] lgi        531  prot_ver=1  
[2024/06/26 15:36:52 341] lgi        542  prot_type=tcp  
[2024/06/26 15:36:52 345] lgi        693  SYS_MSG_UNLOAD  go bg!  
============================================================
Time  2024/06/27 08:12:03 502 
============================================================
[2024/06/27 08:12:03 503] lgi        684  SYS_MSG_LOAD  
[2024/06/27 08:12:03 519] lgi        706  SYS_MSG_REGCB  msp_status_cb  func(f8013960) 
[2024/06/27 08:12:03 524] lgi        298  LGI_MSG_INIT  
[2024/06/27 08:12:03 526] lgi        305  lgi  lgi_  268436457  1573451739  
[2024/06/27 08:12:03 529] lgi        403  token:  nil  
[2024/06/27 08:12:03 530] lgi        476  msc cver : 5.0.44.1288  
[2024/06/27 08:12:03 531] lgi        519  ns_enable=  1  
[2024/06/27 08:12:03 532] lgi        531  prot_ver=1  
[2024/06/27 08:12:03 533] lgi        542  prot_type=tcp  
[2024/06/27 08:12:03 537] lgi        693  SYS_MSG_UNLOAD  go bg!  
[2024/06/27 08:16:39 345] lgi        697  SYS_MSG_SHUTDOWN  
============================================================
Time  2024/06/27 08:16:56 722 
============================================================
[2024/06/27 08:16:56 723] lgi        684  SYS_MSG_LOAD  
[2024/06/27 08:16:56 732] lgi        706  SYS_MSG_REGCB  msp_status_cb  func(90013960) 
[2024/06/27 08:16:56 737] lgi        298  LGI_MSG_INIT  
[2024/06/27 08:16:56 739] lgi        305  lgi  lgi_  268436457  1573451739  
[2024/06/27 08:16:56 741] lgi        403  token:  nil  
[2024/06/27 08:16:56 742] lgi        476  msc cver : 5.0.44.1288  
[2024/06/27 08:16:56 745] lgi        519  ns_enable=  1  
[2024/06/27 08:16:56 746] lgi        531  prot_ver=1  
[2024/06/27 08:16:56 747] lgi        542  prot_type=tcp  
[2024/06/27 08:16:56 752] lgi        693  SYS_MSG_UNLOAD  go bg!  
============================================================
Time  2024/06/27 08:19:15 403 
============================================================
[2024/06/27 08:19:15 404] lgi        684  SYS_MSG_LOAD  
[2024/06/27 08:19:15 410] lgi        706  SYS_MSG_REGCB  msp_status_cb  func(a8013960) 
[2024/06/27 08:19:15 416] lgi        298  LGI_MSG_INIT  
[2024/06/27 08:19:15 417] lgi        305  lgi  lgi_  268436457  1573451739  
[2024/06/27 08:19:15 419] lgi        403  token:  nil  
[2024/06/27 08:19:15 420] lgi        476  msc cver : 5.0.44.1288  
[2024/06/27 08:19:15 422] lgi        519  ns_enable=  1  
[2024/06/27 08:19:15 423] lgi        531  prot_ver=1  
[2024/06/27 08:19:15 424] lgi        542  prot_type=tcp  
[2024/06/27 08:19:15 428] lgi        693  SYS_MSG_UNLOAD  go bg!  
============================================================
Time  2024/06/27 08:21:21 418 
============================================================
[2024/06/27 08:21:21 419] lgi        684  SYS_MSG_LOAD  
[2024/06/27 08:21:21 426] lgi        706  SYS_MSG_REGCB  msp_status_cb  func(20013960) 
[2024/06/27 08:21:21 431] lgi        298  LGI_MSG_INIT  
[2024/06/27 08:21:21 432] lgi        305  lgi  lgi_  268436457  1573451739  
[2024/06/27 08:21:21 434] lgi        403  token:  nil  
[2024/06/27 08:21:21 435] lgi        476  msc cver : 5.0.44.1288  
[2024/06/27 08:21:21 436] lgi        519  ns_enable=  1  
[2024/06/27 08:21:21 437] lgi        531  prot_ver=1  
[2024/06/27 08:21:21 439] lgi        542  prot_type=tcp  
[2024/06/27 08:21:21 443] lgi        693  SYS_MSG_UNLOAD  go bg!  
============================================================
Time  2024/06/27 08:33:02 974 
============================================================
[2024/06/27 08:33:02 975] lgi        684  SYS_MSG_LOAD  
[2024/06/27 08:33:02 983] lgi        706  SYS_MSG_REGCB  msp_status_cb  func(b8013960) 
[2024/06/27 08:33:02 991] lgi        298  LGI_MSG_INIT  
[2024/06/27 08:33:02 993] lgi        305  lgi  lgi_  268436457  1573451739  
[2024/06/27 08:33:02 995] lgi        403  token:  nil  
[2024/06/27 08:33:02 996] lgi        476  msc cver : 5.0.44.1288  
[2024/06/27 08:33:02 997] lgi        519  ns_enable=  1  
[2024/06/27 08:33:02 998] lgi        531  prot_ver=1  
[2024/06/27 08:33:02 999] lgi        542  prot_type=tcp  
[2024/06/27 08:33:03 005] lgi        693  SYS_MSG_UNLOAD  go bg!  
============================================================
Time  2024/06/27 08:41:58 264 
============================================================
[2024/06/27 08:41:58 265] lgi        684  SYS_MSG_LOAD  
[2024/06/27 08:41:58 273] lgi        706  SYS_MSG_REGCB  msp_status_cb  func(f8013960) 
[2024/06/27 08:41:58 277] lgi        298  LGI_MSG_INIT  
[2024/06/27 08:41:58 278] lgi        305  lgi  lgi_  268436457  1573451739  
[2024/06/27 08:41:58 280] lgi        403  token:  nil  
[2024/06/27 08:41:58 282] lgi        476  msc cver : 5.0.44.1288  
[2024/06/27 08:41:58 283] lgi        519  ns_enable=  1  
[2024/06/27 08:41:58 284] lgi        531  prot_ver=1  
[2024/06/27 08:41:58 285] lgi        542  prot_type=tcp  
[2024/06/27 08:41:58 288] lgi        693  SYS_MSG_UNLOAD  go bg!  
============================================================
Time  2024/06/27 08:44:06 186 
============================================================
[2024/06/27 08:44:06 187] lgi        684  SYS_MSG_LOAD  
[2024/06/27 08:44:06 193] lgi        706  SYS_MSG_REGCB  msp_status_cb  func(74013920) 
[2024/06/27 08:44:06 200] lgi        298  LGI_MSG_INIT  
[2024/06/27 08:44:06 201] lgi        305  lgi  lgi_  268436457  1573451739  
[2024/06/27 08:44:06 203] lgi        403  token:  nil  
[2024/06/27 08:44:06 203] lgi        476  msc cver : 5.0.44.1288  
[2024/06/27 08:44:06 204] lgi        519  ns_enable=  1  
[2024/06/27 08:44:06 205] lgi        531  prot_ver=1  
[2024/06/27 08:44:06 206] lgi        542  prot_type=tcp  
[2024/06/27 08:44:06 213] lgi        693  SYS_MSG_UNLOAD  go bg!  
============================================================
Time  2024/06/27 09:11:29 377 
============================================================
[2024/06/27 09:11:29 377] lgi        684  SYS_MSG_LOAD  
[2024/06/27 09:11:29 383] lgi        706  SYS_MSG_REGCB  msp_status_cb  func(e4013960) 
[2024/06/27 09:11:29 388] lgi        298  LGI_MSG_INIT  
[2024/06/27 09:11:29 389] lgi        305  lgi  lgi_  268436457  1573451739  
[2024/06/27 09:11:29 393] lgi        403  token:  nil  
[2024/06/27 09:11:29 394] lgi        476  msc cver : 5.0.44.1288  
[2024/06/27 09:11:29 395] lgi        519  ns_enable=  1  
[2024/06/27 09:11:29 396] lgi        531  prot_ver=1  
[2024/06/27 09:11:29 398] lgi        542  prot_type=tcp  
[2024/06/27 09:11:29 401] lgi        693  SYS_MSG_UNLOAD  go bg!  
============================================================
Time  2024/06/27 09:15:16 850 
============================================================
[2024/06/27 09:15:16 851] lgi        684  SYS_MSG_LOAD  
[2024/06/27 09:15:16 857] lgi        706  SYS_MSG_REGCB  msp_status_cb  func(cc013960) 
[2024/06/27 09:15:16 860] lgi        298  LGI_MSG_INIT  
[2024/06/27 09:15:16 861] lgi        305  lgi  lgi_  268436457  1573451739  
[2024/06/27 09:15:16 862] lgi        403  token:  nil  
[2024/06/27 09:15:16 863] lgi        476  msc cver : 5.0.44.1288  
[2024/06/27 09:15:16 864] lgi        519  ns_enable=  1  
[2024/06/27 09:15:16 864] lgi        531  prot_ver=1  
[2024/06/27 09:15:16 865] lgi        542  prot_type=tcp  
[2024/06/27 09:15:16 873] lgi        693  SYS_MSG_UNLOAD  go bg!  
============================================================
Time  2024/06/27 09:16:51 558 
============================================================
[2024/06/27 09:16:51 558] lgi        684  SYS_MSG_LOAD  
[2024/06/27 09:16:51 564] lgi        706  SYS_MSG_REGCB  msp_status_cb  func(c4013960) 
[2024/06/27 09:16:51 571] lgi        298  LGI_MSG_INIT  
[2024/06/27 09:16:51 572] lgi        305  lgi  lgi_  268436457  1573451739  
[2024/06/27 09:16:51 574] lgi        403  token:  nil  
[2024/06/27 09:16:51 574] lgi        476  msc cver : 5.0.44.1288  
[2024/06/27 09:16:51 575] lgi        519  ns_enable=  1  
[2024/06/27 09:16:51 576] lgi        531  prot_ver=1  
[2024/06/27 09:16:51 577] lgi        542  prot_type=tcp  
[2024/06/27 09:16:51 581] lgi        693  SYS_MSG_UNLOAD  go bg!  
============================================================
Time  2024/06/27 09:18:45 321 
============================================================
[2024/06/27 09:18:45 322] lgi        684  SYS_MSG_LOAD  
[2024/06/27 09:18:45 340] lgi        706  SYS_MSG_REGCB  msp_status_cb  func(28013960) 
[2024/06/27 09:18:45 347] lgi        298  LGI_MSG_INIT  
[2024/06/27 09:18:45 348] lgi        305  lgi  lgi_  268436457  1573451739  
[2024/06/27 09:18:45 350] lgi        403  token:  nil  
[2024/06/27 09:18:45 351] lgi        476  msc cver : 5.0.44.1288  
[2024/06/27 09:18:45 352] lgi        519  ns_enable=  1  
[2024/06/27 09:18:45 353] lgi        531  prot_ver=1  
[2024/06/27 09:18:45 353] lgi        542  prot_type=tcp  
[2024/06/27 09:18:45 357] lgi        693  SYS_MSG_UNLOAD  go bg!  
============================================================
Time  2024/06/27 09:38:07 471 
============================================================
[2024/06/27 09:38:07 471] lgi        684  SYS_MSG_LOAD  
[2024/06/27 09:38:07 479] lgi        706  SYS_MSG_REGCB  msp_status_cb  func(14013960) 
[2024/06/27 09:38:07 484] lgi        298  LGI_MSG_INIT  
[2024/06/27 09:38:07 485] lgi        305  lgi  lgi_  268436457  1573451739  
[2024/06/27 09:38:07 487] lgi        403  token:  nil  
[2024/06/27 09:38:07 488] lgi        476  msc cver : 5.0.44.1288  
[2024/06/27 09:38:07 489] lgi        519  ns_enable=  1  
[2024/06/27 09:38:07 490] lgi        531  prot_ver=1  
[2024/06/27 09:38:07 491] lgi        542  prot_type=tcp  
[2024/06/27 09:38:07 496] lgi        693  SYS_MSG_UNLOAD  go bg!  
============================================================
Time  2024/06/27 09:40:51 821 
============================================================
[2024/06/27 09:40:51 822] lgi        684  SYS_MSG_LOAD  
[2024/06/27 09:40:51 826] lgi        706  SYS_MSG_REGCB  msp_status_cb  func(7c013960) 
[2024/06/27 09:40:51 830] lgi        298  LGI_MSG_INIT  
[2024/06/27 09:40:51 831] lgi        305  lgi  lgi_  268436457  1573451739  
[2024/06/27 09:40:51 832] lgi        403  token:  nil  
[2024/06/27 09:40:51 833] lgi        476  msc cver : 5.0.44.1288  
[2024/06/27 09:40:51 835] lgi        519  ns_enable=  1  
[2024/06/27 09:40:51 837] lgi        531  prot_ver=1  
[2024/06/27 09:40:51 838] lgi        542  prot_type=tcp  
[2024/06/27 09:40:51 840] lgi        693  SYS_MSG_UNLOAD  go bg!  
============================================================
Time  2024/06/27 10:03:54 888 
============================================================
[2024/06/27 10:03:54 888] lgi        684  SYS_MSG_LOAD  
[2024/06/27 10:03:54 897] lgi        706  SYS_MSG_REGCB  msp_status_cb  func(dc053770) 
[2024/06/27 10:03:54 905] lgi        298  LGI_MSG_INIT  
[2024/06/27 10:03:54 906] lgi        305  lgi  lgi_  268436457  1573451739  
[2024/06/27 10:03:54 908] lgi        403  token:  nil  
[2024/06/27 10:03:54 909] lgi        476  msc cver : 5.0.44.1288  
[2024/06/27 10:03:54 912] lgi        519  ns_enable=  1  
[2024/06/27 10:03:54 913] lgi        531  prot_ver=1  
[2024/06/27 10:03:54 914] lgi        542  prot_type=tcp  
[2024/06/27 10:03:54 917] lgi        693  SYS_MSG_UNLOAD  go bg!  
============================================================
Time  2024/06/27 10:05:39 313 
============================================================
[2024/06/27 10:05:39 313] lgi        684  SYS_MSG_LOAD  
[2024/06/27 10:05:39 320] lgi        706  SYS_MSG_REGCB  msp_status_cb  func(88013960) 
[2024/06/27 10:05:39 325] lgi        298  LGI_MSG_INIT  
[2024/06/27 10:05:39 326] lgi        305  lgi  lgi_  268436457  1573451739  
[2024/06/27 10:05:39 327] lgi        403  token:  nil  
[2024/06/27 10:05:39 328] lgi        476  msc cver : 5.0.44.1288  
[2024/06/27 10:05:39 329] lgi        519  ns_enable=  1  
[2024/06/27 10:05:39 330] lgi        531  prot_ver=1  
[2024/06/27 10:05:39 331] lgi        542  prot_type=tcp  
[2024/06/27 10:05:39 334] lgi        693  SYS_MSG_UNLOAD  go bg!  
============================================================
Time  2024/06/27 10:08:21 262 
============================================================
[2024/06/27 10:08:21 263] lgi        684  SYS_MSG_LOAD  
[2024/06/27 10:08:21 271] lgi        706  SYS_MSG_REGCB  msp_status_cb  func(20013960) 
[2024/06/27 10:08:21 275] lgi        298  LGI_MSG_INIT  
[2024/06/27 10:08:21 276] lgi        305  lgi  lgi_  268436457  1573451739  
[2024/06/27 10:08:21 278] lgi        403  token:  nil  
[2024/06/27 10:08:21 279] lgi        476  msc cver : 5.0.44.1288  
[2024/06/27 10:08:21 280] lgi        519  ns_enable=  1  
[2024/06/27 10:08:21 282] lgi        531  prot_ver=1  
[2024/06/27 10:08:21 284] lgi        542  prot_type=tcp  
[2024/06/27 10:08:21 289] lgi        693  SYS_MSG_UNLOAD  go bg!  
