============================================================
Time  2024/06/27 09:15:16 932 
============================================================
[2024/06/27 09:15:16 933] isr_local  2211 os_type is:  Linux  
[2024/06/27 09:15:16 935] isr_local  2220 SYS_MSG_LOAD_LOCAL  
[2024/06/27 09:15:16 936] isr_local  2249 SYS_MSG_REGCB_LOCAL| param0 =  msp_status_cb  
[2024/06/27 09:15:16 940] isr_local  2249 SYS_MSG_REGCB_LOCAL| param0 =  build_grm_cb  
[2024/06/27 09:15:16 942] isr_local  2262 ASR_LOCAL_MSG_BUILD_GRM  
[2024/06/27 09:15:16 943] isr_local  1903 grm_init | params:  engine_type = local, 		asr_res_path = fo|res/asr/common.jet, sample_rate = 16000, 		grm_build_path = res/asr/GrmBuilld,   
[2024/06/27 09:15:19 026] isr_local  805  engine_type  :  local  
[2024/06/27 09:15:19 028] isr_local  805  asr_res_path  :  fo|res/asr/common.jet  
[2024/06/27 09:15:19 029] isr_local  805  sample_rate  :  16000  
[2024/06/27 09:15:19 031] isr_local  805  grm_build_path  :  res/asr/GrmBuilld  
[2024/06/27 09:15:19 042] isr_local  1002 file count =   1  
[2024/06/27 09:15:19 045] isr_local  925  file open type is:   fo  
[2024/06/27 09:15:19 046] isr_local  958  res/asr/common.jet  0  0  
[2024/06/27 09:15:19 047] isr_local  1020 speech_plus_setting  0  
[2024/06/27 09:15:19 048] isr_local  1033 2  nil  res/asr/common.jet  0  0  
[2024/06/27 09:15:19 056] isr_local  1035 res_ver  2  
[2024/06/27 09:15:19 058] isr_local  1036 res 5  af747bca982821374f8dd5fa2eca80b8  
[2024/06/27 09:15:19 059] isr_local  1037 res_new_old_mark  v5pp  
[2024/06/27 09:15:19 061] isr_local  1038 res_usr_name  ""  
[2024/06/27 09:15:19 061] isr_local  1039 res_expires  1727160566  
[2024/06/27 09:15:19 062] isr_local  1040 err  0  
[2024/06/27 09:15:19 063] isr_local  1071 now expires:  1719450919  1727160566  
[2024/06/27 09:15:19 079] isr_local  1644 proc_retcode_grm | errorcode =  0  
[2024/06/27 09:15:19 137] isr_local  2022 grammar id:call  
[2024/06/27 09:15:19 138] isr_local  1636 onGrmLocalServiceCb  0  call  
