============================================================
Time  2024/06/27 08:44:06 284 
============================================================
[2024/06/27 08:44:06 285] isr_local  2211 os_type is:  Linux  
[2024/06/27 08:44:06 287] isr_local  2220 SYS_MSG_LOAD_LOCAL  
[2024/06/27 08:44:06 289] isr_local  2249 SYS_MSG_REGCB_LOCAL| param0 =  msp_status_cb  
[2024/06/27 08:44:06 292] isr_local  2249 SYS_MSG_REGCB_LOCAL| param0 =  build_grm_cb  
[2024/06/27 08:44:06 294] isr_local  2262 ASR_LOCAL_MSG_BUILD_GRM  
[2024/06/27 08:44:06 295] isr_local  1903 grm_init | params:  engine_type = local, 		asr_res_path = fo|res/asr/common.jet, sample_rate = 16000, 		grm_build_path = res/asr/GrmBuilld,   
[2024/06/27 08:44:06 297] isr_local  805  engine_type  :  local  
[2024/06/27 08:44:06 297] isr_local  805  asr_res_path  :  fo|res/asr/common.jet  
[2024/06/27 08:44:06 298] isr_local  805  sample_rate  :  16000  
[2024/06/27 08:44:06 299] isr_local  805  grm_build_path  :  res/asr/GrmBuilld  
[2024/06/27 08:44:06 302] isr_local  1002 file count =   1  
[2024/06/27 08:44:06 304] isr_local  925  file open type is:   fo  
[2024/06/27 08:44:06 304] isr_local  958  res/asr/common.jet  0  0  
[2024/06/27 08:44:06 305] isr_local  1020 speech_plus_setting  0  
[2024/06/27 08:44:06 306] isr_local  1033 2  nil  res/asr/common.jet  0  0  
[2024/06/27 08:44:06 309] isr_local  1035 res_ver  2  
[2024/06/27 08:44:06 310] isr_local  1036 res 5  af747bca982821374f8dd5fa2eca80b8  
[2024/06/27 08:44:06 310] isr_local  1037 res_new_old_mark  v5pp  
[2024/06/27 08:44:06 311] isr_local  1038 res_usr_name  ""  
[2024/06/27 08:44:06 312] isr_local  1039 res_expires  1727160566  
[2024/06/27 08:44:06 312] isr_local  1040 err  0  
[2024/06/27 08:44:06 313] isr_local  1071 now expires:  1719449046  1727160566  
[2024/06/27 08:44:06 322] isr_local  1644 proc_retcode_grm | errorcode =  0  
[2024/06/27 08:44:06 371] isr_local  2022 grammar id:call  
[2024/06/27 08:44:06 373] isr_local  1636 onGrmLocalServiceCb  0  call  
