============================================================
Time  2024/06/27 09:16:51 649 
============================================================
[2024/06/27 09:16:51 650] isr_local  2211 os_type is:  Linux  
[2024/06/27 09:16:51 653] isr_local  2220 SYS_MSG_LOAD_LOCAL  
[2024/06/27 09:16:51 655] isr_local  2249 SYS_MSG_REGCB_LOCAL| param0 =  msp_status_cb  
[2024/06/27 09:16:51 659] isr_local  2249 SYS_MSG_REGCB_LOCAL| param0 =  build_grm_cb  
[2024/06/27 09:16:51 661] isr_local  2262 ASR_LOCAL_MSG_BUILD_GRM  
[2024/06/27 09:16:51 662] isr_local  1903 grm_init | params:  engine_type = local, 		asr_res_path = fo|res/asr/common.jet, sample_rate = 16000, 		grm_build_path = res/asr/GrmBuilld,   
[2024/06/27 09:16:51 663] isr_local  805  engine_type  :  local  
[2024/06/27 09:16:51 664] isr_local  805  asr_res_path  :  fo|res/asr/common.jet  
[2024/06/27 09:16:51 664] isr_local  805  sample_rate  :  16000  
[2024/06/27 09:16:51 665] isr_local  805  grm_build_path  :  res/asr/GrmBuilld  
[2024/06/27 09:16:51 669] isr_local  1002 file count =   1  
[2024/06/27 09:16:51 670] isr_local  925  file open type is:   fo  
[2024/06/27 09:16:51 671] isr_local  958  res/asr/common.jet  0  0  
[2024/06/27 09:16:51 671] isr_local  1020 speech_plus_setting  0  
[2024/06/27 09:16:51 672] isr_local  1033 2  nil  res/asr/common.jet  0  0  
[2024/06/27 09:16:51 676] isr_local  1035 res_ver  2  
[2024/06/27 09:16:51 676] isr_local  1036 res 5  af747bca982821374f8dd5fa2eca80b8  
[2024/06/27 09:16:51 677] isr_local  1037 res_new_old_mark  v5pp  
[2024/06/27 09:16:51 678] isr_local  1038 res_usr_name  ""  
[2024/06/27 09:16:51 678] isr_local  1039 res_expires  1727160566  
[2024/06/27 09:16:51 679] isr_local  1040 err  0  
[2024/06/27 09:16:51 680] isr_local  1071 now expires:  1719451011  1727160566  
[2024/06/27 09:16:51 691] isr_local  1644 proc_retcode_grm | errorcode =  0  
[2024/06/27 09:16:51 734] isr_local  2022 grammar id:call  
[2024/06/27 09:16:51 736] isr_local  1636 onGrmLocalServiceCb  0  call  
