============================================================
Time  2024/06/27 08:12:03 612 
============================================================
[2024/06/27 08:12:03 622] isr_local  2211 os_type is:  Linux  
[2024/06/27 08:12:03 623] isr_local  2220 SYS_MSG_LOAD_LOCAL  
[2024/06/27 08:12:03 626] isr_local  2249 SYS_MSG_REGCB_LOCAL| param0 =  msp_status_cb  
[2024/06/27 08:12:03 630] isr_local  2249 SYS_MSG_REGCB_LOCAL| param0 =  build_grm_cb  
[2024/06/27 08:12:03 632] isr_local  2262 ASR_LOCAL_MSG_BUILD_GRM  
[2024/06/27 08:12:03 633] isr_local  1903 grm_init | params:  engine_type = local, 		asr_res_path = fo|res/asr/common.jet, sample_rate = 16000, 		grm_build_path = res/asr/GrmBuilld,   
[2024/06/27 08:12:03 635] isr_local  805  engine_type  :  local  
[2024/06/27 08:12:03 636] isr_local  805  asr_res_path  :  fo|res/asr/common.jet  
[2024/06/27 08:12:03 637] isr_local  805  sample_rate  :  16000  
[2024/06/27 08:12:03 637] isr_local  805  grm_build_path  :  res/asr/GrmBuilld  
[2024/06/27 08:12:03 641] isr_local  1002 file count =   1  
[2024/06/27 08:12:03 642] isr_local  925  file open type is:   fo  
[2024/06/27 08:12:03 643] isr_local  958  res/asr/common.jet  0  0  
[2024/06/27 08:12:03 643] isr_local  1020 speech_plus_setting  0  
[2024/06/27 08:12:03 644] isr_local  1033 2  nil  res/asr/common.jet  0  0  
[2024/06/27 08:12:03 658] isr_local  1035 res_ver  2  
[2024/06/27 08:12:03 658] isr_local  1036 res 5  af747bca982821374f8dd5fa2eca80b8  
[2024/06/27 08:12:03 659] isr_local  1037 res_new_old_mark  v5pp  
[2024/06/27 08:12:03 660] isr_local  1038 res_usr_name  ""  
[2024/06/27 08:12:03 660] isr_local  1039 res_expires  1727160566  
[2024/06/27 08:12:03 661] isr_local  1040 err  0  
[2024/06/27 08:12:03 662] isr_local  1071 now expires:  1719447123  1727160566  
[2024/06/27 08:12:03 669] isr_local  1644 proc_retcode_grm | errorcode =  0  
[2024/06/27 08:12:03 801] isr_local  2022 grammar id:call  
[2024/06/27 08:12:03 803] isr_local  1636 onGrmLocalServiceCb  0  call  
