============================================================
Time  2024/06/27 09:18:45 426 
============================================================
[2024/06/27 09:18:45 426] isr_local  2211 os_type is:  Linux  
[2024/06/27 09:18:45 427] isr_local  2220 SYS_MSG_LOAD_LOCAL  
[2024/06/27 09:18:45 429] isr_local  2249 SYS_MSG_REGCB_LOCAL| param0 =  msp_status_cb  
[2024/06/27 09:18:45 432] isr_local  2249 SYS_MSG_REGCB_LOCAL| param0 =  build_grm_cb  
[2024/06/27 09:18:45 434] isr_local  2262 ASR_LOCAL_MSG_BUILD_GRM  
[2024/06/27 09:18:45 435] isr_local  1903 grm_init | params:  engine_type = local, 		asr_res_path = fo|res/asr/common.jet, sample_rate = 16000, 		grm_build_path = res/asr/GrmBuilld,   
[2024/06/27 09:18:45 437] isr_local  805  engine_type  :  local  
[2024/06/27 09:18:45 437] isr_local  805  asr_res_path  :  fo|res/asr/common.jet  
[2024/06/27 09:18:45 438] isr_local  805  sample_rate  :  16000  
[2024/06/27 09:18:45 439] isr_local  805  grm_build_path  :  res/asr/GrmBuilld  
[2024/06/27 09:18:45 443] isr_local  1002 file count =   1  
[2024/06/27 09:18:45 444] isr_local  925  file open type is:   fo  
[2024/06/27 09:18:45 445] isr_local  958  res/asr/common.jet  0  0  
[2024/06/27 09:18:45 445] isr_local  1020 speech_plus_setting  0  
[2024/06/27 09:18:45 446] isr_local  1033 2  nil  res/asr/common.jet  0  0  
[2024/06/27 09:18:45 449] isr_local  1035 res_ver  2  
[2024/06/27 09:18:45 451] isr_local  1036 res 5  af747bca982821374f8dd5fa2eca80b8  
[2024/06/27 09:18:45 452] isr_local  1037 res_new_old_mark  v5pp  
[2024/06/27 09:18:45 453] isr_local  1038 res_usr_name  ""  
[2024/06/27 09:18:45 453] isr_local  1039 res_expires  1727160566  
[2024/06/27 09:18:45 454] isr_local  1040 err  0  
[2024/06/27 09:18:45 455] isr_local  1071 now expires:  1719451125  1727160566  
[2024/06/27 09:18:45 466] isr_local  1644 proc_retcode_grm | errorcode =  0  
[2024/06/27 09:18:45 512] isr_local  2022 grammar id:call  
[2024/06/27 09:18:45 513] isr_local  1636 onGrmLocalServiceCb  0  call  
