============================================================
Time  2024/06/26 15:36:52 444 
============================================================
[2024/06/26 15:36:52 444] isr_local  2211 os_type is:  Linux  
[2024/06/26 15:36:52 446] isr_local  2220 SYS_MSG_LOAD_LOCAL  
[2024/06/26 15:36:52 449] isr_local  2249 SYS_MSG_REGCB_LOCAL| param0 =  msp_status_cb  
[2024/06/26 15:36:52 457] isr_local  2249 SYS_MSG_REGCB_LOCAL| param0 =  build_grm_cb  
[2024/06/26 15:36:52 461] isr_local  2262 ASR_LOCAL_MSG_BUILD_GRM  
[2024/06/26 15:36:52 462] isr_local  1903 grm_init | params:  engine_type = local, 		asr_res_path = fo|res/asr/common.jet, sample_rate = 16000, 		grm_build_path = res/asr/GrmBuilld,   
[2024/06/26 15:36:52 464] isr_local  805  engine_type  :  local  
[2024/06/26 15:36:52 465] isr_local  805  asr_res_path  :  fo|res/asr/common.jet  
[2024/06/26 15:36:52 465] isr_local  805  sample_rate  :  16000  
[2024/06/26 15:36:52 466] isr_local  805  grm_build_path  :  res/asr/GrmBuilld  
[2024/06/26 15:36:52 474] isr_local  1002 file count =   1  
[2024/06/26 15:36:52 476] isr_local  925  file open type is:   fo  
[2024/06/26 15:36:52 477] isr_local  958  res/asr/common.jet  0  0  
[2024/06/26 15:36:52 479] isr_local  1020 speech_plus_setting  0  
[2024/06/26 15:36:52 480] isr_local  1033 2  nil  res/asr/common.jet  0  0  
[2024/06/26 15:36:52 484] isr_local  1035 res_ver  2  
[2024/06/26 15:36:52 485] isr_local  1036 res 5  af747bca982821374f8dd5fa2eca80b8  
[2024/06/26 15:36:52 486] isr_local  1037 res_new_old_mark  v5pp  
[2024/06/26 15:36:52 488] isr_local  1038 res_usr_name  ""  
[2024/06/26 15:36:52 490] isr_local  1039 res_expires  1727160566  
[2024/06/26 15:36:52 492] isr_local  1040 err  0  
[2024/06/26 15:36:52 493] isr_local  1071 now expires:  1719387412  1727160566  
[2024/06/26 15:36:52 509] isr_local  1644 proc_retcode_grm | errorcode =  0  
[2024/06/26 15:36:52 581] isr_local  2022 grammar id:call  
[2024/06/26 15:36:52 600] isr_local  1636 onGrmLocalServiceCb  0  call  
