============================================================
Time  2024/06/27 10:03:54 989 
============================================================
[2024/06/27 10:03:54 990] isr_local  2211 os_type is:  Linux  
[2024/06/27 10:03:54 991] isr_local  2220 SYS_MSG_LOAD_LOCAL  
[2024/06/27 10:03:54 993] isr_local  2249 SYS_MSG_REGCB_LOCAL| param0 =  msp_status_cb  
[2024/06/27 10:03:54 996] isr_local  2249 SYS_MSG_REGCB_LOCAL| param0 =  build_grm_cb  
[2024/06/27 10:03:54 998] isr_local  2262 ASR_LOCAL_MSG_BUILD_GRM  
[2024/06/27 10:03:54 999] isr_local  1903 grm_init | params:  engine_type = local, 		asr_res_path = fo|res/asr/common.jet, sample_rate = 16000, 		grm_build_path = res/asr/GrmBuilld,   
[2024/06/27 10:03:55 000] isr_local  805  engine_type  :  local  
[2024/06/27 10:03:55 001] isr_local  805  asr_res_path  :  fo|res/asr/common.jet  
[2024/06/27 10:03:55 001] isr_local  805  sample_rate  :  16000  
[2024/06/27 10:03:55 002] isr_local  805  grm_build_path  :  res/asr/GrmBuilld  
[2024/06/27 10:03:55 006] isr_local  1002 file count =   1  
[2024/06/27 10:03:55 007] isr_local  925  file open type is:   fo  
[2024/06/27 10:03:55 008] isr_local  958  res/asr/common.jet  0  0  
[2024/06/27 10:03:55 008] isr_local  1020 speech_plus_setting  0  
[2024/06/27 10:03:55 009] isr_local  1033 2  nil  res/asr/common.jet  0  0  
[2024/06/27 10:03:55 012] isr_local  1035 res_ver  2  
[2024/06/27 10:03:55 013] isr_local  1036 res 5  af747bca982821374f8dd5fa2eca80b8  
[2024/06/27 10:03:55 014] isr_local  1037 res_new_old_mark  v5pp  
[2024/06/27 10:03:55 014] isr_local  1038 res_usr_name  ""  
[2024/06/27 10:03:55 015] isr_local  1039 res_expires  1727160566  
[2024/06/27 10:03:55 015] isr_local  1040 err  0  
[2024/06/27 10:03:55 016] isr_local  1071 now expires:  1719453835  1727160566  
[2024/06/27 10:03:55 027] isr_local  1644 proc_retcode_grm | errorcode =  0  
[2024/06/27 10:03:55 198] isr_local  2022 grammar id:call  
[2024/06/27 10:03:55 200] isr_local  1636 onGrmLocalServiceCb  0  call  
